Traceback (most recent call last):
  File "/Applications/anaconda3/envs/plumed-masterclass-2022/lib/python3.10/site-packages/jupyter_cache/executors/utils.py", line 51, in single_nb_execution
    executenb(
  File "/Applications/anaconda3/envs/plumed-masterclass-2022/lib/python3.10/site-packages/nbclient/client.py", line 1204, in execute
    return NotebookClient(nb=nb, resources=resources, km=km, **kwargs).execute()
  File "/Applications/anaconda3/envs/plumed-masterclass-2022/lib/python3.10/site-packages/nbclient/util.py", line 84, in wrapped
    return just_run(coro(*args, **kwargs))
  File "/Applications/anaconda3/envs/plumed-masterclass-2022/lib/python3.10/site-packages/nbclient/util.py", line 62, in just_run
    return loop.run_until_complete(coro)
  File "/Applications/anaconda3/envs/plumed-masterclass-2022/lib/python3.10/asyncio/base_events.py", line 646, in run_until_complete
    return future.result()
  File "/Applications/anaconda3/envs/plumed-masterclass-2022/lib/python3.10/site-packages/nbclient/client.py", line 663, in async_execute
    await self.async_execute_cell(
  File "/Applications/anaconda3/envs/plumed-masterclass-2022/lib/python3.10/site-packages/nbclient/client.py", line 965, in async_execute_cell
    await self._check_raise_for_error(cell, cell_index, exec_reply)
  File "/Applications/anaconda3/envs/plumed-masterclass-2022/lib/python3.10/site-packages/nbclient/client.py", line 862, in _check_raise_for_error
    raise CellExecutionError.from_cell_and_msg(cell, exec_reply_content)
nbclient.exceptions.CellExecutionError: An error occurred while executing the following cell:
------------------
%matplotlib notebook
%matplotlib inline
import matplotlib.pyplot as plt 
import numpy as np

## Parameters
m=1; #mass
k=2; # Harmonic Constant
v0=1; 
x0=1; 

om=np.sqrt(k/m)

t=np.linspace(0,10,100)

print(t)

x=x0*np.cos(np.prod(om,t))+v0*sin(om*t)

print(x)

plt.plot(t,x); plt.show()
------------------

[0;31m---------------------------------------------------------------------------[0m
[0;31mTypeError[0m                                 Traceback (most recent call last)
Input [0;32mIn [1][0m, in [0;36m<cell line: 18>[0;34m()[0m
[1;32m     14[0m t[38;5;241m=[39mnp[38;5;241m.[39mlinspace([38;5;241m0[39m,[38;5;241m10[39m,[38;5;241m100[39m)
[1;32m     16[0m [38;5;28mprint[39m(t)
[0;32m---> 18[0m x[38;5;241m=[39mx0[38;5;241m*[39mnp[38;5;241m.[39mcos([43mnp[49m[38;5;241;43m.[39;49m[43mprod[49m[43m([49m[43mom[49m[43m,[49m[43mt[49m[43m)[49m)[38;5;241m+[39mv0[38;5;241m*[39msin(om[38;5;241m*[39mt)
[1;32m     20[0m [38;5;28mprint[39m(x)
[1;32m     22[0m plt[38;5;241m.[39mplot(t,x); plt[38;5;241m.[39mshow()

File [0;32m<__array_function__ internals>:180[0m, in [0;36mprod[0;34m(*args, **kwargs)[0m

File [0;32m/Applications/anaconda3/envs/plumed-masterclass-2022/lib/python3.10/site-packages/numpy/core/fromnumeric.py:3088[0m, in [0;36mprod[0;34m(a, axis, dtype, out, keepdims, initial, where)[0m
[1;32m   2970[0m [38;5;129m@array_function_dispatch[39m(_prod_dispatcher)
[1;32m   2971[0m [38;5;28;01mdef[39;00m [38;5;21mprod[39m(a, axis[38;5;241m=[39m[38;5;28;01mNone[39;00m, dtype[38;5;241m=[39m[38;5;28;01mNone[39;00m, out[38;5;241m=[39m[38;5;28;01mNone[39;00m, keepdims[38;5;241m=[39mnp[38;5;241m.[39m_NoValue,
[1;32m   2972[0m          initial[38;5;241m=[39mnp[38;5;241m.[39m_NoValue, where[38;5;241m=[39mnp[38;5;241m.[39m_NoValue):
[1;32m   2973[0m     [38;5;124;03m"""[39;00m
[1;32m   2974[0m [38;5;124;03m    Return the product of array elements over a given axis.[39;00m
[1;32m   2975[0m 
[0;32m   (...)[0m
[1;32m   3086[0m [38;5;124;03m    10[39;00m
[1;32m   3087[0m [38;5;124;03m    """[39;00m
[0;32m-> 3088[0m     [38;5;28;01mreturn[39;00m [43m_wrapreduction[49m[43m([49m[43ma[49m[43m,[49m[43m [49m[43mnp[49m[38;5;241;43m.[39;49m[43mmultiply[49m[43m,[49m[43m [49m[38;5;124;43m'[39;49m[38;5;124;43mprod[39;49m[38;5;124;43m'[39;49m[43m,[49m[43m [49m[43maxis[49m[43m,[49m[43m [49m[43mdtype[49m[43m,[49m[43m [49m[43mout[49m[43m,[49m
[1;32m   3089[0m [43m                          [49m[43mkeepdims[49m[38;5;241;43m=[39;49m[43mkeepdims[49m[43m,[49m[43m [49m[43minitial[49m[38;5;241;43m=[39;49m[43minitial[49m[43m,[49m[43m [49m[43mwhere[49m[38;5;241;43m=[39;49m[43mwhere[49m[43m)[49m

File [0;32m/Applications/anaconda3/envs/plumed-masterclass-2022/lib/python3.10/site-packages/numpy/core/fromnumeric.py:84[0m, in [0;36m_wrapreduction[0;34m(obj, ufunc, method, axis, dtype, out, **kwargs)[0m
[1;32m     82[0m             [38;5;28;01mreturn[39;00m reduction(axis[38;5;241m=[39maxis, dtype[38;5;241m=[39mdtype, out[38;5;241m=[39mout, [38;5;241m*[39m[38;5;241m*[39mpasskwargs)
[1;32m     83[0m         [38;5;28;01melse[39;00m:
[0;32m---> 84[0m             [38;5;28;01mreturn[39;00m [43mreduction[49m[43m([49m[43maxis[49m[38;5;241;43m=[39;49m[43maxis[49m[43m,[49m[43m [49m[43mout[49m[38;5;241;43m=[39;49m[43mout[49m[43m,[49m[43m [49m[38;5;241;43m*[39;49m[38;5;241;43m*[39;49m[43mpasskwargs[49m[43m)[49m
[1;32m     86[0m [38;5;28;01mreturn[39;00m ufunc[38;5;241m.[39mreduce(obj, axis, dtype, out, [38;5;241m*[39m[38;5;241m*[39mpasskwargs)

File [0;32m/Applications/anaconda3/envs/plumed-masterclass-2022/lib/python3.10/site-packages/numpy/core/_methods.py:52[0m, in [0;36m_prod[0;34m(a, axis, dtype, out, keepdims, initial, where)[0m
[1;32m     50[0m [38;5;28;01mdef[39;00m [38;5;21m_prod[39m(a, axis[38;5;241m=[39m[38;5;28;01mNone[39;00m, dtype[38;5;241m=[39m[38;5;28;01mNone[39;00m, out[38;5;241m=[39m[38;5;28;01mNone[39;00m, keepdims[38;5;241m=[39m[38;5;28;01mFalse[39;00m,
[1;32m     51[0m           initial[38;5;241m=[39m_NoValue, where[38;5;241m=[39m[38;5;28;01mTrue[39;00m):
[0;32m---> 52[0m     [38;5;28;01mreturn[39;00m [43mumr_prod[49m[43m([49m[43ma[49m[43m,[49m[43m [49m[43maxis[49m[43m,[49m[43m [49m[43mdtype[49m[43m,[49m[43m [49m[43mout[49m[43m,[49m[43m [49m[43mkeepdims[49m[43m,[49m[43m [49m[43minitial[49m[43m,[49m[43m [49m[43mwhere[49m[43m)[49m

[0;31mTypeError[0m: only integer scalar arrays can be converted to a scalar index
TypeError: only integer scalar arrays can be converted to a scalar index

